{"/Users/simonstead/apps/angular/main.js":{"path":"/Users/simonstead/apps/angular/main.js","s":{"1":1,"2":1,"3":1,"4":1,"5":1,"6":1,"7":1,"8":1,"9":1,"10":1,"11":1,"12":1,"13":1,"14":1,"15":1,"16":1,"17":1,"18":1,"19":1,"20":1,"21":1,"22":1,"23":1,"24":1,"25":1,"26":2,"27":2,"28":1,"29":1,"30":1,"31":1,"32":1,"33":1,"34":1,"35":1},"b":{"1":[2,1],"2":[1,1]},"f":{"1":1,"2":2,"3":1},"fnMap":{"1":{"name":"error404","line":31,"loc":{"start":{"line":31,"column":0},"end":{"line":31,"column":34}}},"2":{"name":"devErrorHandler","line":43,"loc":{"start":{"line":43,"column":0},"end":{"line":43,"column":46}}},"3":{"name":"prodErrorHandler","line":55,"loc":{"start":{"line":55,"column":0},"end":{"line":55,"column":47}}}},"statementMap":{"1":{"start":{"line":1,"column":0},"end":{"line":1,"column":33}},"2":{"start":{"line":2,"column":0},"end":{"line":2,"column":27}},"3":{"start":{"line":3,"column":0},"end":{"line":3,"column":39}},"4":{"start":{"line":4,"column":0},"end":{"line":4,"column":31}},"5":{"start":{"line":5,"column":0},"end":{"line":5,"column":44}},"6":{"start":{"line":6,"column":0},"end":{"line":6,"column":40}},"7":{"start":{"line":8,"column":0},"end":{"line":8,"column":39}},"8":{"start":{"line":9,"column":0},"end":{"line":9,"column":38}},"9":{"start":{"line":11,"column":0},"end":{"line":11,"column":20}},"10":{"start":{"line":14,"column":0},"end":{"line":14,"column":48}},"11":{"start":{"line":15,"column":0},"end":{"line":15,"column":31}},"12":{"start":{"line":19,"column":0},"end":{"line":19,"column":23}},"13":{"start":{"line":20,"column":0},"end":{"line":20,"column":27}},"14":{"start":{"line":21,"column":0},"end":{"line":23,"column":4}},"15":{"start":{"line":24,"column":0},"end":{"line":24,"column":24}},"16":{"start":{"line":25,"column":0},"end":{"line":25,"column":56}},"17":{"start":{"line":27,"column":0},"end":{"line":27,"column":21}},"18":{"start":{"line":28,"column":0},"end":{"line":28,"column":25}},"19":{"start":{"line":31,"column":0},"end":{"line":35,"column":1}},"20":{"start":{"line":32,"column":2},"end":{"line":32,"column":35}},"21":{"start":{"line":33,"column":2},"end":{"line":33,"column":19}},"22":{"start":{"line":34,"column":2},"end":{"line":34,"column":12}},"23":{"start":{"line":36,"column":0},"end":{"line":36,"column":24}},"24":{"start":{"line":37,"column":0},"end":{"line":37,"column":18}},"25":{"start":{"line":43,"column":0},"end":{"line":49,"column":1}},"26":{"start":{"line":44,"column":2},"end":{"line":44,"column":32}},"27":{"start":{"line":45,"column":2},"end":{"line":48,"column":5}},"28":{"start":{"line":50,"column":0},"end":{"line":50,"column":38}},"29":{"start":{"line":51,"column":0},"end":{"line":51,"column":25}},"30":{"start":{"line":55,"column":0},"end":{"line":61,"column":1}},"31":{"start":{"line":56,"column":2},"end":{"line":56,"column":32}},"32":{"start":{"line":57,"column":2},"end":{"line":60,"column":5}},"33":{"start":{"line":62,"column":0},"end":{"line":62,"column":40}},"34":{"start":{"line":63,"column":0},"end":{"line":63,"column":26}},"35":{"start":{"line":73,"column":0},"end":{"line":73,"column":21}}},"branchMap":{"1":{"line":44,"type":"binary-expr","locations":[{"start":{"line":44,"column":13},"end":{"line":44,"column":23}},{"start":{"line":44,"column":27},"end":{"line":44,"column":30}}]},"2":{"line":56,"type":"binary-expr","locations":[{"start":{"line":56,"column":13},"end":{"line":56,"column":23}},{"start":{"line":56,"column":27},"end":{"line":56,"column":30}}]}}},"/Users/simonstead/apps/angular/routes/index.js":{"path":"/Users/simonstead/apps/angular/routes/index.js","s":{"1":1,"2":1,"3":1,"4":1,"5":1,"6":1,"7":1,"8":1,"9":1},"b":{},"f":{"1":1,"2":1,"3":1},"fnMap":{"1":{"name":"(anonymous_1)","line":5,"loc":{"start":{"line":5,"column":16},"end":{"line":5,"column":41}}},"2":{"name":"(anonymous_2)","line":10,"loc":{"start":{"line":10,"column":23},"end":{"line":10,"column":48}}},"3":{"name":"(anonymous_3)","line":15,"loc":{"start":{"line":15,"column":23},"end":{"line":15,"column":48}}}},"statementMap":{"1":{"start":{"line":1,"column":0},"end":{"line":1,"column":33}},"2":{"start":{"line":2,"column":0},"end":{"line":2,"column":30}},"3":{"start":{"line":5,"column":0},"end":{"line":7,"column":3}},"4":{"start":{"line":6,"column":2},"end":{"line":6,"column":44}},"5":{"start":{"line":10,"column":0},"end":{"line":12,"column":3}},"6":{"start":{"line":11,"column":2},"end":{"line":11,"column":57}},"7":{"start":{"line":15,"column":0},"end":{"line":17,"column":3}},"8":{"start":{"line":16,"column":2},"end":{"line":16,"column":52}},"9":{"start":{"line":19,"column":0},"end":{"line":19,"column":24}}},"branchMap":{}},"/Users/simonstead/apps/angular/routes/users.js":{"path":"/Users/simonstead/apps/angular/routes/users.js","s":{"1":1,"2":1,"3":1,"4":1,"5":1},"b":{},"f":{"1":1},"fnMap":{"1":{"name":"(anonymous_1)","line":5,"loc":{"start":{"line":5,"column":16},"end":{"line":5,"column":41}}}},"statementMap":{"1":{"start":{"line":1,"column":0},"end":{"line":1,"column":33}},"2":{"start":{"line":2,"column":0},"end":{"line":2,"column":30}},"3":{"start":{"line":5,"column":0},"end":{"line":7,"column":3}},"4":{"start":{"line":6,"column":2},"end":{"line":6,"column":38}},"5":{"start":{"line":9,"column":0},"end":{"line":9,"column":24}}},"branchMap":{}}}