TN:
SF:/Users/simonstead/apps/angular/main.js
FN:31,error404
FN:43,devErrorHandler
FN:55,prodErrorHandler
FNF:3
FNH:3
FNDA:1,error404
FNDA:2,devErrorHandler
FNDA:1,prodErrorHandler
DA:1,1
DA:2,1
DA:3,1
DA:4,1
DA:5,1
DA:6,1
DA:8,1
DA:9,1
DA:11,1
DA:14,1
DA:15,1
DA:19,1
DA:20,1
DA:21,1
DA:24,1
DA:25,1
DA:27,1
DA:28,1
DA:31,1
DA:32,1
DA:33,1
DA:34,1
DA:36,1
DA:37,1
DA:43,1
DA:44,2
DA:45,2
DA:50,1
DA:51,1
DA:55,1
DA:56,1
DA:57,1
DA:62,1
DA:63,1
DA:73,1
LF:35
LH:35
BRDA:44,1,0,2
BRDA:44,1,1,1
BRDA:56,2,0,1
BRDA:56,2,1,1
BRF:4
BRH:4
end_of_record
TN:
SF:/Users/simonstead/apps/angular/routes/index.js
FN:5,(anonymous_1)
FN:10,(anonymous_2)
FN:15,(anonymous_3)
FNF:3
FNH:3
FNDA:1,(anonymous_1)
FNDA:1,(anonymous_2)
FNDA:1,(anonymous_3)
DA:1,1
DA:2,1
DA:5,1
DA:6,1
DA:10,1
DA:11,1
DA:15,1
DA:16,1
DA:19,1
LF:9
LH:9
BRF:0
BRH:0
end_of_record
TN:
SF:/Users/simonstead/apps/angular/routes/users.js
FN:5,(anonymous_1)
FNF:1
FNH:1
FNDA:1,(anonymous_1)
DA:1,1
DA:2,1
DA:5,1
DA:6,1
DA:9,1
LF:5
LH:5
BRF:0
BRH:0
end_of_record
